Arguments: 
  C:\Program Files\nodejs\node.exe C:\Users\user9\AppData\Roaming\npm\node_modules\yarn\bin\yarn.js add @gorhom/bottom-sheet@^4

PATH: 
  C:\Users\user9\bin;C:\Program Files\Git\mingw64\bin;C:\Program Files\Git\usr\local\bin;C:\Program Files\Git\usr\bin;C:\Program Files\Git\usr\bin;C:\Program Files\Git\mingw64\bin;C:\Program Files\Git\usr\bin;C:\Users\user9\bin;C:\Windows\system32;C:\Windows;C:\Windows\System32\Wbem;C:\Windows\System32\WindowsPowerShell\v1.0;C:\Windows\System32\OpenSSH;C:\Program Files\dotnet;C:\Program Files\Microsoft SQL Server\150\Tools\Binn;C:\Program Files\Microsoft SQL Server\Client SDK\ODBC\170\Tools\Binn;C:\Program Files\Git\cmd;C:\Program Files\nodejs;C:\Users\user9\AppData\Local\Microsoft\WindowsApps;C:\Users\user9\.dotnet\tools;C:\Users\user9\AppData\Local\Programs\Microsoft VS Code\bin;C:\Users\user9\AppData\Roaming\npm;C:\Program Files\Git\usr\bin\vendor_perl;C:\Program Files\Git\usr\bin\core_perl

Yarn version: 
  1.22.19

Node version: 
  18.16.1

Platform: 
  win32 x64

Trace: 
  Error: getaddrinfo ENOTFOUND registry.yarnpkg.com
      at GetAddrInfoReqWrap.onlookup [as oncomplete] (node:dns:107:26)

npm manifest: 
  {
    "name": "fourthprojectfe",
    "version": "1.0.0",
    "main": "node_modules/expo/AppEntry.js",
    "scripts": {
      "start": "expo start",
      "android": "expo start --android",
      "ios": "expo start --ios",
      "web": "expo start --web"
    },
    "dependencies": {
      "expo": "~48.0.18",
      "expo-status-bar": "~1.4.4",
      "react": "18.2.0",
      "react-native": "0.71.8"
    },
    "devDependencies": {
      "@babel/core": "^7.20.0",
      "@tsconfig/react-native": "^3.0.2",
      "@types/jest": "^29.5.3",
      "@types/react": "^18.2.15",
      "@types/react-test-renderer": "^18.0.0",
      "typescript": "^5.1.6"
    },
    "private": true
  }

yarn manifest: 
  No manifest

Lockfile: 
  No lockfile
